[ N 2020-06-19 11:24:56.2444 38492/T1 age/Wat/WatchdogMain.cpp:1373 ]: Starting Passenger watchdog...
[ N 2020-06-19 11:24:56.2774 38494/T1 age/Cor/CoreMain.cpp:1340 ]: Starting Passenger core...
[ N 2020-06-19 11:24:56.2778 38494/T1 age/Cor/CoreMain.cpp:256 ]: Passenger core running in multi-application mode.
[ N 2020-06-19 11:24:56.3047 38494/T1 age/Cor/CoreMain.cpp:1015 ]: Passenger core online, PID 38494
[ N 2020-06-19 11:24:58.9363 38494/T5 age/Cor/SecurityUpdateChecker.h:519 ]: Security update check: no update found (next check in 24 hours)

[ N 2020-06-19 11:28:32.7676 38494/T8 age/Cor/CoreMain.cpp:671 ]: Signal received. Gracefully shutting down... (send signal 2 more time(s) to force shutdown)
[ N 2020-06-19 11:28:32.7677 38494/T1 age/Cor/CoreMain.cpp:1246 ]: Received command to shutdown gracefully. Waiting until all clients have disconnected...
[ N 2020-06-19 11:28:32.7678 38494/T1 age/Cor/CoreMain.cpp:1147 ]: Checking whether to disconnect long-running connections for process 38553, application /Users/admin/Documents/PersonalProjects/PokerApp/RangeSharingReactRubyAPI/backend (development)
[ N 2020-06-19 11:28:32.7679 38494/Tc Ser/Server.h:901 ]: [ServerThr.3] Freed 0 spare client objects
[ N 2020-06-19 11:28:32.7679 38494/Tb Ser/Server.h:901 ]: [ServerThr.2] Freed 0 spare client objects
[ N 2020-06-19 11:28:32.7679 38494/Tm Ser/Server.h:901 ]: [ServerThr.8] Freed 0 spare client objects
[ N 2020-06-19 11:28:32.7679 38494/T8 Ser/Server.h:901 ]: [ServerThr.1] Freed 0 spare client objects
[ N 2020-06-19 11:28:32.7679 38494/Te Ser/Server.h:901 ]: [ServerThr.4] Freed 0 spare client objects
[ N 2020-06-19 11:28:32.7679 38494/Tg Ser/Server.h:901 ]: [ServerThr.5] Freed 0 spare client objects
[ N 2020-06-19 11:28:32.7680 38494/T8 Ser/Server.h:558 ]: [ServerThr.1] Shutdown finished
[ N 2020-06-19 11:28:32.7679 38494/Tb Ser/Server.h:558 ]: [ServerThr.2] Shutdown finished
[ N 2020-06-19 11:28:32.7680 38494/Tg Ser/Server.h:558 ]: [ServerThr.5] Shutdown finished
[ N 2020-06-19 11:28:32.7680 38494/Te Ser/Server.h:558 ]: [ServerThr.4] Shutdown finished
[ N 2020-06-19 11:28:32.7681 38494/To Ser/Server.h:901 ]: [ApiServer] Freed 0 spare client objects
[ N 2020-06-19 11:28:32.7679 38494/Tj Ser/Server.h:901 ]: [ServerThr.6] Freed 0 spare client objects
[ N 2020-06-19 11:28:32.7679 38494/Tc Ser/Server.h:558 ]: [ServerThr.3] Shutdown finished
[ N 2020-06-19 11:28:32.7680 38494/Tm Ser/Server.h:558 ]: [ServerThr.8] Shutdown finished
[ N 2020-06-19 11:28:32.7683 38494/Tj Ser/Server.h:558 ]: [ServerThr.6] Shutdown finished
[ N 2020-06-19 11:28:32.7679 38494/Tl Ser/Server.h:901 ]: [ServerThr.7] Freed 0 spare client objects
[ N 2020-06-19 11:28:32.7682 38494/To Ser/Server.h:558 ]: [ApiServer] Shutdown finished
[ N 2020-06-19 11:28:32.7683 38494/Tl Ser/Server.h:558 ]: [ServerThr.7] Shutdown finished
[ N 2020-06-19 11:28:32.7684 38494/T1 age/Cor/CoreMain.cpp:1147 ]: Checking whether to disconnect long-running connections for process 38553, application /Users/admin/Documents/PersonalProjects/PokerApp/RangeSharingReactRubyAPI/backend (development)
[ N 2020-06-19 11:28:33.6741 38494/T1 age/Cor/CoreMain.cpp:1325 ]: Passenger core shutdown finished
[ N 2020-06-19 11:28:48.8013 39281/T1 age/Wat/WatchdogMain.cpp:1373 ]: Starting Passenger watchdog...
[ N 2020-06-19 11:28:48.8351 39283/T1 age/Cor/CoreMain.cpp:1340 ]: Starting Passenger core...
[ N 2020-06-19 11:28:48.8355 39283/T1 age/Cor/CoreMain.cpp:256 ]: Passenger core running in multi-application mode.
[ N 2020-06-19 11:28:48.8633 39283/T1 age/Cor/CoreMain.cpp:1015 ]: Passenger core online, PID 39283
[ N 2020-06-19 11:28:51.5011 39283/T5 age/Cor/SecurityUpdateChecker.h:519 ]: Security update check: no update found (next check in 24 hours)

[ N 2020-06-19 11:42:08.8309 39283/T9 age/Cor/CoreMain.cpp:671 ]: Signal received. Gracefully shutting down... (send signal 2 more time(s) to force shutdown)
[ N 2020-06-19 11:42:08.8310 39283/T1 age/Cor/CoreMain.cpp:1246 ]: Received command to shutdown gracefully. Waiting until all clients have disconnected...
[ N 2020-06-19 11:42:08.8310 39283/T1 age/Cor/CoreMain.cpp:1147 ]: Checking whether to disconnect long-running connections for process 39344, application /Users/admin/Documents/PersonalProjects/PokerApp/RangeSharingReactRubyAPI/backend (development)
[ N 2020-06-19 11:42:08.8313 39283/T9 Ser/Server.h:901 ]: [ServerThr.1] Freed 0 spare client objects
[ N 2020-06-19 11:42:08.8313 39283/Tf Ser/Server.h:901 ]: [ServerThr.4] Freed 0 spare client objects
[ N 2020-06-19 11:42:08.8313 39283/Td Ser/Server.h:901 ]: [ServerThr.3] Freed 0 spare client objects
[ N 2020-06-19 11:42:08.8314 39283/Tg Ser/Server.h:901 ]: [ServerThr.5] Freed 0 spare client objects
[ N 2020-06-19 11:42:08.8314 39283/Ti Ser/Server.h:901 ]: [ServerThr.6] Freed 0 spare client objects
[ N 2020-06-19 11:42:08.8314 39283/Tg Ser/Server.h:558 ]: [ServerThr.5] Shutdown finished
[ N 2020-06-19 11:42:08.8314 39283/T9 Ser/Server.h:558 ]: [ServerThr.1] Shutdown finished
[ N 2020-06-19 11:42:08.8314 39283/Td Ser/Server.h:558 ]: [ServerThr.3] Shutdown finished
[ N 2020-06-19 11:42:08.8314 39283/Ti Ser/Server.h:558 ]: [ServerThr.6] Shutdown finished
[ N 2020-06-19 11:42:08.8314 39283/Tf Ser/Server.h:558 ]: [ServerThr.4] Shutdown finished
[ N 2020-06-19 11:42:08.8314 39283/Tn Ser/Server.h:901 ]: [ServerThr.8] Freed 0 spare client objects
[ N 2020-06-19 11:42:08.8313 39283/Ta Ser/Server.h:901 ]: [ServerThr.2] Freed 0 spare client objects
[ N 2020-06-19 11:42:08.8314 39283/Tk Ser/Server.h:901 ]: [ServerThr.7] Freed 0 spare client objects
[ N 2020-06-19 11:42:08.8315 39283/Tk Ser/Server.h:558 ]: [ServerThr.7] Shutdown finished
[ N 2020-06-19 11:42:08.8315 39283/Ta Ser/Server.h:558 ]: [ServerThr.2] Shutdown finished
[ N 2020-06-19 11:42:08.8315 39283/Tn Ser/Server.h:558 ]: [ServerThr.8] Shutdown finished
[ N 2020-06-19 11:42:08.8316 39283/To Ser/Server.h:901 ]: [ApiServer] Freed 0 spare client objects
[ N 2020-06-19 11:42:08.8318 39283/To Ser/Server.h:558 ]: [ApiServer] Shutdown finished
[ N 2020-06-19 11:42:08.8319 39283/T1 age/Cor/CoreMain.cpp:1147 ]: Checking whether to disconnect long-running connections for process 39344, application /Users/admin/Documents/PersonalProjects/PokerApp/RangeSharingReactRubyAPI/backend (development)
[ N 2020-06-19 11:42:09.7245 39283/T1 age/Cor/CoreMain.cpp:1325 ]: Passenger core shutdown finished
2020/06/19 11:43:55 [emerg] 40502#0: bind() to 0.0.0.0:3000 failed (48: Address already in use)
2020/06/19 11:43:55 [emerg] 40502#0: bind() to 0.0.0.0:3000 failed (48: Address already in use)
2020/06/19 11:43:55 [emerg] 40502#0: bind() to 0.0.0.0:3000 failed (48: Address already in use)
2020/06/19 11:43:55 [emerg] 40502#0: bind() to 0.0.0.0:3000 failed (48: Address already in use)
2020/06/19 11:43:55 [emerg] 40502#0: bind() to 0.0.0.0:3000 failed (48: Address already in use)
2020/06/19 11:43:55 [emerg] 40502#0: still could not bind()
2020/06/19 11:44:07 [emerg] 40546#0: bind() to 0.0.0.0:3000 failed (48: Address already in use)
2020/06/19 11:44:07 [emerg] 40546#0: bind() to 0.0.0.0:3000 failed (48: Address already in use)
2020/06/19 11:44:07 [emerg] 40546#0: bind() to 0.0.0.0:3000 failed (48: Address already in use)
2020/06/19 11:44:07 [emerg] 40546#0: bind() to 0.0.0.0:3000 failed (48: Address already in use)
2020/06/19 11:44:07 [emerg] 40546#0: bind() to 0.0.0.0:3000 failed (48: Address already in use)
2020/06/19 11:44:07 [emerg] 40546#0: still could not bind()
2020/06/19 11:44:21 [emerg] 40572#0: bind() to 0.0.0.0:3000 failed (48: Address already in use)
2020/06/19 11:44:21 [emerg] 40572#0: bind() to 0.0.0.0:3000 failed (48: Address already in use)
2020/06/19 11:44:21 [emerg] 40572#0: bind() to 0.0.0.0:3000 failed (48: Address already in use)
2020/06/19 11:44:21 [emerg] 40572#0: bind() to 0.0.0.0:3000 failed (48: Address already in use)
2020/06/19 11:44:21 [emerg] 40572#0: bind() to 0.0.0.0:3000 failed (48: Address already in use)
2020/06/19 11:44:21 [emerg] 40572#0: still could not bind()
2020/06/19 11:44:34 [emerg] 40604#0: bind() to 0.0.0.0:3000 failed (48: Address already in use)
2020/06/19 11:44:34 [emerg] 40604#0: bind() to 0.0.0.0:3000 failed (48: Address already in use)
2020/06/19 11:44:34 [emerg] 40604#0: bind() to 0.0.0.0:3000 failed (48: Address already in use)
2020/06/19 11:44:34 [emerg] 40604#0: bind() to 0.0.0.0:3000 failed (48: Address already in use)
2020/06/19 11:44:34 [emerg] 40604#0: bind() to 0.0.0.0:3000 failed (48: Address already in use)
2020/06/19 11:44:34 [emerg] 40604#0: still could not bind()
[ N 2020-06-19 11:46:13.9064 40757/T1 age/Wat/WatchdogMain.cpp:1373 ]: Starting Passenger watchdog...
[ N 2020-06-19 11:46:13.9455 40759/T1 age/Cor/CoreMain.cpp:1340 ]: Starting Passenger core...
[ N 2020-06-19 11:46:13.9460 40759/T1 age/Cor/CoreMain.cpp:256 ]: Passenger core running in multi-application mode.
[ N 2020-06-19 11:46:13.9748 40759/T1 age/Cor/CoreMain.cpp:1015 ]: Passenger core online, PID 40759
[ N 2020-06-19 11:46:17.0120 40759/T5 age/Cor/SecurityUpdateChecker.h:519 ]: Security update check: no update found (next check in 24 hours)
[ N 2020-06-20 15:08:13.1180 40759/T5 age/Cor/SecurityUpdateChecker.h:519 ]: Security update check: no update found (next check in 24 hours)

[ N 2020-06-21 11:31:50.6562 40759/T8 age/Cor/CoreMain.cpp:671 ]: Signal received. Gracefully shutting down... (send signal 2 more time(s) to force shutdown)
[ N 2020-06-21 11:31:50.6571 40759/T1 age/Cor/CoreMain.cpp:1246 ]: Received command to shutdown gracefully. Waiting until all clients have disconnected...
[ N 2020-06-21 11:31:50.6572 40759/T1 age/Cor/CoreMain.cpp:1147 ]: Checking whether to disconnect long-running connections for process 40823, application /Users/admin/Documents/PersonalProjects/PokerApp/RangeSharingReactRubyAPI/backend (development)
[ N 2020-06-21 11:31:50.6574 40759/Tg Ser/Server.h:901 ]: [ServerThr.5] Freed 0 spare client objects
[ N 2020-06-21 11:31:50.6575 40759/Ta Ser/Server.h:901 ]: [ServerThr.2] Freed 0 spare client objects
[ N 2020-06-21 11:31:50.6580 40759/Tm Ser/Server.h:901 ]: [ServerThr.8] Freed 0 spare client objects
[ N 2020-06-21 11:31:50.6575 40759/Tc Ser/Server.h:901 ]: [ServerThr.3] Freed 0 spare client objects
[ N 2020-06-21 11:31:50.6576 40759/Tk Ser/Server.h:901 ]: [ServerThr.7] Freed 0 spare client objects
[ N 2020-06-21 11:31:50.6581 40759/Tg Ser/Server.h:558 ]: [ServerThr.5] Shutdown finished
[ N 2020-06-21 11:31:50.6583 40759/Tc Ser/Server.h:558 ]: [ServerThr.3] Shutdown finished
[ N 2020-06-21 11:31:50.6583 40759/Ta Ser/Server.h:558 ]: [ServerThr.2] Shutdown finished
[ N 2020-06-21 11:31:50.6582 40759/Tm Ser/Server.h:558 ]: [ServerThr.8] Shutdown finished
[ N 2020-06-21 11:31:50.6583 40759/Tk Ser/Server.h:558 ]: [ServerThr.7] Shutdown finished
[ N 2020-06-21 11:31:50.6618 40759/Ti Ser/Server.h:901 ]: [ServerThr.6] Freed 0 spare client objects
[ N 2020-06-21 11:31:50.6574 40759/Te Ser/Server.h:901 ]: [ServerThr.4] Freed 0 spare client objects
[ N 2020-06-21 11:31:50.6620 40759/Ti Ser/Server.h:558 ]: [ServerThr.6] Shutdown finished
[ N 2020-06-21 11:31:50.6620 40759/Te Ser/Server.h:558 ]: [ServerThr.4] Shutdown finished
[ N 2020-06-21 11:31:50.6574 40759/T8 Ser/Server.h:901 ]: [ServerThr.1] Freed 0 spare client objects
[ N 2020-06-21 11:31:50.6621 40759/T8 Ser/Server.h:558 ]: [ServerThr.1] Shutdown finished
[ N 2020-06-21 11:31:50.6629 40759/To Ser/Server.h:901 ]: [ApiServer] Freed 0 spare client objects
[ N 2020-06-21 11:31:50.6629 40759/To Ser/Server.h:558 ]: [ApiServer] Shutdown finished
[ N 2020-06-21 11:31:50.6639 40759/T1 age/Cor/CoreMain.cpp:1147 ]: Checking whether to disconnect long-running connections for process 40823, application /Users/admin/Documents/PersonalProjects/PokerApp/RangeSharingReactRubyAPI/backend (development)
[ N 2020-06-21 11:31:51.7599 40759/T1 age/Cor/CoreMain.cpp:1325 ]: Passenger core shutdown finished
[ N 2020-06-21 11:36:08.0364 62887/T1 age/Wat/WatchdogMain.cpp:1373 ]: Starting Passenger watchdog...
[ N 2020-06-21 11:36:08.0702 62889/T1 age/Cor/CoreMain.cpp:1340 ]: Starting Passenger core...
[ N 2020-06-21 11:36:08.0706 62889/T1 age/Cor/CoreMain.cpp:256 ]: Passenger core running in multi-application mode.
[ N 2020-06-21 11:36:08.1066 62889/T1 age/Cor/CoreMain.cpp:1015 ]: Passenger core online, PID 62889
[ N 2020-06-21 11:36:10.7218 62889/T5 age/Cor/SecurityUpdateChecker.h:519 ]: Security update check: no update found (next check in 24 hours)
[ E 2020-06-21 11:36:10.7448 62889/T5 Sec/Crypto.cpp:990 ]: Removing Passenger private key from keychain failed: Write permissions error.. Please remove the private key from the certificate labeled Phusion Passenger Open Source in your keychain.
[ N 2020-06-21 11:45:03.4995 62889/T3 age/Cor/CoreMain.cpp:1147 ]: Checking whether to disconnect long-running connections for process 63074, application /Users/admin/Documents/PersonalProjects/PokerApp/RangeSharingReactRubyAPI/backend (development)

[ N 2020-06-21 12:04:55.9929 62889/T8 age/Cor/CoreMain.cpp:671 ]: Signal received. Gracefully shutting down... (send signal 2 more time(s) to force shutdown)
[ N 2020-06-21 12:04:55.9930 62889/T1 age/Cor/CoreMain.cpp:1246 ]: Received command to shutdown gracefully. Waiting until all clients have disconnected...
[ N 2020-06-21 12:04:55.9930 62889/T1 age/Cor/CoreMain.cpp:1147 ]: Checking whether to disconnect long-running connections for process 63067, application /Users/admin/Documents/PersonalProjects/PokerApp/RangeSharingReactRubyAPI/backend (development)
[ N 2020-06-21 12:04:55.9932 62889/Ta Ser/Server.h:901 ]: [ServerThr.2] Freed 0 spare client objects
[ N 2020-06-21 12:04:55.9932 62889/Tc Ser/Server.h:901 ]: [ServerThr.3] Freed 0 spare client objects
[ N 2020-06-21 12:04:55.9932 62889/Tg Ser/Server.h:901 ]: [ServerThr.5] Freed 0 spare client objects
[ N 2020-06-21 12:04:55.9933 62889/Tk Ser/Server.h:901 ]: [ServerThr.7] Freed 0 spare client objects
[ N 2020-06-21 12:04:55.9933 62889/Tm Ser/Server.h:901 ]: [ServerThr.8] Freed 0 spare client objects
[ N 2020-06-21 12:04:55.9933 62889/Tg Ser/Server.h:558 ]: [ServerThr.5] Shutdown finished
[ N 2020-06-21 12:04:55.9933 62889/Ta Ser/Server.h:558 ]: [ServerThr.2] Shutdown finished
[ N 2020-06-21 12:04:55.9933 62889/Tc Ser/Server.h:558 ]: [ServerThr.3] Shutdown finished
[ N 2020-06-21 12:04:55.9932 62889/Te Ser/Server.h:901 ]: [ServerThr.4] Freed 0 spare client objects
[ N 2020-06-21 12:04:55.9933 62889/Tk Ser/Server.h:558 ]: [ServerThr.7] Shutdown finished
[ N 2020-06-21 12:04:55.9934 62889/Tm Ser/Server.h:558 ]: [ServerThr.8] Shutdown finished
[ N 2020-06-21 12:04:55.9935 62889/To Ser/Server.h:901 ]: [ApiServer] Freed 0 spare client objects
[ N 2020-06-21 12:04:55.9935 62889/Te Ser/Server.h:558 ]: [ServerThr.4] Shutdown finished
[ N 2020-06-21 12:04:55.9933 62889/Ti Ser/Server.h:901 ]: [ServerThr.6] Freed 0 spare client objects
[ N 2020-06-21 12:04:55.9933 62889/T8 Ser/Server.h:901 ]: [ServerThr.1] Freed 0 spare client objects
[ N 2020-06-21 12:04:55.9935 62889/To Ser/Server.h:558 ]: [ApiServer] Shutdown finished
[ N 2020-06-21 12:04:55.9936 62889/Ti Ser/Server.h:558 ]: [ServerThr.6] Shutdown finished
[ N 2020-06-21 12:04:55.9936 62889/T8 Ser/Server.h:558 ]: [ServerThr.1] Shutdown finished
[ N 2020-06-21 12:04:55.9937 62889/T1 age/Cor/CoreMain.cpp:1147 ]: Checking whether to disconnect long-running connections for process 63067, application /Users/admin/Documents/PersonalProjects/PokerApp/RangeSharingReactRubyAPI/backend (development)
[ N 2020-06-21 12:04:56.8376 62889/T1 age/Cor/CoreMain.cpp:1325 ]: Passenger core shutdown finished
[ N 2020-06-21 12:04:58.1919 64678/T1 age/Wat/WatchdogMain.cpp:1373 ]: Starting Passenger watchdog...
[ N 2020-06-21 12:04:58.2245 64680/T1 age/Cor/CoreMain.cpp:1340 ]: Starting Passenger core...
[ N 2020-06-21 12:04:58.2249 64680/T1 age/Cor/CoreMain.cpp:256 ]: Passenger core running in multi-application mode.
[ N 2020-06-21 12:04:58.2527 64680/T1 age/Cor/CoreMain.cpp:1015 ]: Passenger core online, PID 64680
[ N 2020-06-21 12:05:00.9581 64680/T5 age/Cor/SecurityUpdateChecker.h:519 ]: Security update check: no update found (next check in 24 hours)
[ E 2020-06-21 12:05:00.9667 64680/T5 Sec/Crypto.cpp:990 ]: Removing Passenger private key from keychain failed: Write permissions error.. Please remove the private key from the certificate labeled Phusion Passenger Open Source in your keychain.

[ N 2020-06-21 12:11:05.3370 64680/T8 age/Cor/CoreMain.cpp:671 ]: Signal received. Gracefully shutting down... (send signal 2 more time(s) to force shutdown)
[ N 2020-06-21 12:11:05.3370 64680/T1 age/Cor/CoreMain.cpp:1246 ]: Received command to shutdown gracefully. Waiting until all clients have disconnected...
[ N 2020-06-21 12:11:05.3371 64680/T1 age/Cor/CoreMain.cpp:1147 ]: Checking whether to disconnect long-running connections for process 64733, application /Users/admin/Documents/PersonalProjects/PokerApp/RangeSharingReactRubyAPI/backend (development)
[ N 2020-06-21 12:11:05.3372 64680/T8 Ser/Server.h:901 ]: [ServerThr.1] Freed 0 spare client objects
[ N 2020-06-21 12:11:05.3372 64680/Tc Ser/Server.h:901 ]: [ServerThr.3] Freed 0 spare client objects
[ N 2020-06-21 12:11:05.3372 64680/Ti Ser/Server.h:901 ]: [ServerThr.6] Freed 0 spare client objects
[ N 2020-06-21 12:11:05.3373 64680/Tk Ser/Server.h:901 ]: [ServerThr.7] Freed 0 spare client objects
[ N 2020-06-21 12:11:05.3372 64680/Ta Ser/Server.h:901 ]: [ServerThr.2] Freed 0 spare client objects
[ N 2020-06-21 12:11:05.3373 64680/Tk Ser/Server.h:558 ]: [ServerThr.7] Shutdown finished
[ N 2020-06-21 12:11:05.3372 64680/Tg Ser/Server.h:901 ]: [ServerThr.5] Freed 0 spare client objects
[ N 2020-06-21 12:11:05.3374 64680/Ta Ser/Server.h:558 ]: [ServerThr.2] Shutdown finished
[ N 2020-06-21 12:11:05.3372 64680/Te Ser/Server.h:901 ]: [ServerThr.4] Freed 0 spare client objects
[ N 2020-06-21 12:11:05.3373 64680/T8 Ser/Server.h:558 ]: [ServerThr.1] Shutdown finished
[ N 2020-06-21 12:11:05.3373 64680/Ti Ser/Server.h:558 ]: [ServerThr.6] Shutdown finished
[ N 2020-06-21 12:11:05.3374 64680/Tg Ser/Server.h:558 ]: [ServerThr.5] Shutdown finished
[ N 2020-06-21 12:11:05.3374 64680/Te Ser/Server.h:558 ]: [ServerThr.4] Shutdown finished
[ N 2020-06-21 12:11:05.3373 64680/Tm Ser/Server.h:901 ]: [ServerThr.8] Freed 0 spare client objects
[ N 2020-06-21 12:11:05.3375 64680/Tc Ser/Server.h:558 ]: [ServerThr.3] Shutdown finished
[ N 2020-06-21 12:11:05.3375 64680/Tm Ser/Server.h:558 ]: [ServerThr.8] Shutdown finished
[ N 2020-06-21 12:11:05.3376 64680/To Ser/Server.h:901 ]: [ApiServer] Freed 0 spare client objects
[ N 2020-06-21 12:11:05.3376 64680/To Ser/Server.h:558 ]: [ApiServer] Shutdown finished
[ N 2020-06-21 12:11:05.3378 64680/T1 age/Cor/CoreMain.cpp:1147 ]: Checking whether to disconnect long-running connections for process 64733, application /Users/admin/Documents/PersonalProjects/PokerApp/RangeSharingReactRubyAPI/backend (development)
[ N 2020-06-21 12:11:06.2215 64680/T1 age/Cor/CoreMain.cpp:1325 ]: Passenger core shutdown finished
[ N 2020-06-21 12:11:07.2576 65196/T1 age/Wat/WatchdogMain.cpp:1373 ]: Starting Passenger watchdog...
[ N 2020-06-21 12:11:07.2922 65198/T1 age/Cor/CoreMain.cpp:1340 ]: Starting Passenger core...
[ N 2020-06-21 12:11:07.2925 65198/T1 age/Cor/CoreMain.cpp:256 ]: Passenger core running in multi-application mode.
[ N 2020-06-21 12:11:07.3214 65198/T1 age/Cor/CoreMain.cpp:1015 ]: Passenger core online, PID 65198
[ N 2020-06-21 12:11:09.9444 65198/T5 age/Cor/SecurityUpdateChecker.h:519 ]: Security update check: no update found (next check in 24 hours)
[ E 2020-06-21 12:11:09.9522 65198/T5 Sec/Crypto.cpp:990 ]: Removing Passenger private key from keychain failed: Write permissions error.. Please remove the private key from the certificate labeled Phusion Passenger Open Source in your keychain.

[ N 2020-06-21 12:13:28.4365 65198/T8 age/Cor/CoreMain.cpp:671 ]: Signal received. Gracefully shutting down... (send signal 2 more time(s) to force shutdown)
[ N 2020-06-21 12:13:28.4366 65198/T1 age/Cor/CoreMain.cpp:1246 ]: Received command to shutdown gracefully. Waiting until all clients have disconnected...
[ N 2020-06-21 12:13:28.4366 65198/T1 age/Cor/CoreMain.cpp:1147 ]: Checking whether to disconnect long-running connections for process 65253, application /Users/admin/Documents/PersonalProjects/PokerApp/RangeSharingReactRubyAPI/backend (development)
[ N 2020-06-21 12:13:28.4367 65198/T8 Ser/Server.h:901 ]: [ServerThr.1] Freed 0 spare client objects
[ N 2020-06-21 12:13:28.4368 65198/Ta Ser/Server.h:901 ]: [ServerThr.2] Freed 0 spare client objects
[ N 2020-06-21 12:13:28.4368 65198/Te Ser/Server.h:901 ]: [ServerThr.4] Freed 0 spare client objects
[ N 2020-06-21 12:13:28.4368 65198/Tg Ser/Server.h:901 ]: [ServerThr.5] Freed 0 spare client objects
[ N 2020-06-21 12:13:28.4368 65198/T8 Ser/Server.h:558 ]: [ServerThr.1] Shutdown finished
[ N 2020-06-21 12:13:28.4369 65198/Tg Ser/Server.h:558 ]: [ServerThr.5] Shutdown finished
[ N 2020-06-21 12:13:28.4368 65198/Te Ser/Server.h:558 ]: [ServerThr.4] Shutdown finished
[ N 2020-06-21 12:13:28.4367 65198/Tc Ser/Server.h:901 ]: [ServerThr.3] Freed 0 spare client objects
[ N 2020-06-21 12:13:28.4369 65198/Ta Ser/Server.h:558 ]: [ServerThr.2] Shutdown finished
[ N 2020-06-21 12:13:28.4368 65198/Tm Ser/Server.h:901 ]: [ServerThr.8] Freed 0 spare client objects
[ N 2020-06-21 12:13:28.4368 65198/Tk Ser/Server.h:901 ]: [ServerThr.7] Freed 0 spare client objects
[ N 2020-06-21 12:13:28.4369 65198/Tc Ser/Server.h:558 ]: [ServerThr.3] Shutdown finished
[ N 2020-06-21 12:13:28.4368 65198/Ti Ser/Server.h:901 ]: [ServerThr.6] Freed 0 spare client objects
[ N 2020-06-21 12:13:28.4370 65198/Tm Ser/Server.h:558 ]: [ServerThr.8] Shutdown finished
[ N 2020-06-21 12:13:28.4370 65198/Ti Ser/Server.h:558 ]: [ServerThr.6] Shutdown finished
[ N 2020-06-21 12:13:28.4370 65198/To Ser/Server.h:901 ]: [ApiServer] Freed 0 spare client objects
[ N 2020-06-21 12:13:28.4370 65198/Tk Ser/Server.h:558 ]: [ServerThr.7] Shutdown finished
[ N 2020-06-21 12:13:28.4370 65198/To Ser/Server.h:558 ]: [ApiServer] Shutdown finished
[ N 2020-06-21 12:13:28.4372 65198/T1 age/Cor/CoreMain.cpp:1147 ]: Checking whether to disconnect long-running connections for process 65253, application /Users/admin/Documents/PersonalProjects/PokerApp/RangeSharingReactRubyAPI/backend (development)
[ N 2020-06-21 12:13:29.2844 65198/T1 age/Cor/CoreMain.cpp:1325 ]: Passenger core shutdown finished
[ N 2020-06-21 12:13:30.1882 65471/T1 age/Wat/WatchdogMain.cpp:1373 ]: Starting Passenger watchdog...
[ N 2020-06-21 12:13:30.2209 65473/T1 age/Cor/CoreMain.cpp:1340 ]: Starting Passenger core...
[ N 2020-06-21 12:13:30.2213 65473/T1 age/Cor/CoreMain.cpp:256 ]: Passenger core running in multi-application mode.
[ N 2020-06-21 12:13:30.2495 65473/T1 age/Cor/CoreMain.cpp:1015 ]: Passenger core online, PID 65473
[ N 2020-06-21 12:13:32.8691 65473/T5 age/Cor/SecurityUpdateChecker.h:519 ]: Security update check: no update found (next check in 24 hours)
[ E 2020-06-21 12:13:32.8790 65473/T5 Sec/Crypto.cpp:990 ]: Removing Passenger private key from keychain failed: Write permissions error.. Please remove the private key from the certificate labeled Phusion Passenger Open Source in your keychain.

[ N 2020-06-21 12:15:04.2526 65473/T8 age/Cor/CoreMain.cpp:671 ]: Signal received. Gracefully shutting down... (send signal 2 more time(s) to force shutdown)
[ N 2020-06-21 12:15:04.2526 65473/T1 age/Cor/CoreMain.cpp:1246 ]: Received command to shutdown gracefully. Waiting until all clients have disconnected...
[ N 2020-06-21 12:15:04.2527 65473/T1 age/Cor/CoreMain.cpp:1147 ]: Checking whether to disconnect long-running connections for process 65525, application /Users/admin/Documents/PersonalProjects/PokerApp/RangeSharingReactRubyAPI/backend (development)
[ N 2020-06-21 12:15:04.2528 65473/T8 Ser/Server.h:901 ]: [ServerThr.1] Freed 0 spare client objects
[ N 2020-06-21 12:15:04.2528 65473/Te Ser/Server.h:901 ]: [ServerThr.4] Freed 0 spare client objects
[ N 2020-06-21 12:15:04.2529 65473/T8 Ser/Server.h:558 ]: [ServerThr.1] Shutdown finished
[ N 2020-06-21 12:15:04.2528 65473/Tm Ser/Server.h:901 ]: [ServerThr.8] Freed 0 spare client objects
[ N 2020-06-21 12:15:04.2528 65473/Tg Ser/Server.h:901 ]: [ServerThr.5] Freed 0 spare client objects
[ N 2020-06-21 12:15:04.2528 65473/Ta Ser/Server.h:901 ]: [ServerThr.2] Freed 0 spare client objects
[ N 2020-06-21 12:15:04.2530 65473/Tg Ser/Server.h:558 ]: [ServerThr.5] Shutdown finished
[ N 2020-06-21 12:15:04.2528 65473/Ti Ser/Server.h:901 ]: [ServerThr.6] Freed 0 spare client objects
[ N 2020-06-21 12:15:04.2529 65473/Te Ser/Server.h:558 ]: [ServerThr.4] Shutdown finished
[ N 2020-06-21 12:15:04.2528 65473/Tl Ser/Server.h:901 ]: [ServerThr.7] Freed 0 spare client objects
[ N 2020-06-21 12:15:04.2528 65473/Tc Ser/Server.h:901 ]: [ServerThr.3] Freed 0 spare client objects
[ N 2020-06-21 12:15:04.2531 65473/Tl Ser/Server.h:558 ]: [ServerThr.7] Shutdown finished
[ N 2020-06-21 12:15:04.2529 65473/Tm Ser/Server.h:558 ]: [ServerThr.8] Shutdown finished
[ N 2020-06-21 12:15:04.2530 65473/Ta Ser/Server.h:558 ]: [ServerThr.2] Shutdown finished
[ N 2020-06-21 12:15:04.2530 65473/Tp Ser/Server.h:901 ]: [ApiServer] Freed 0 spare client objects
[ N 2020-06-21 12:15:04.2530 65473/Ti Ser/Server.h:558 ]: [ServerThr.6] Shutdown finished
[ N 2020-06-21 12:15:04.2531 65473/Tp Ser/Server.h:558 ]: [ApiServer] Shutdown finished
[ N 2020-06-21 12:15:04.2531 65473/Tc Ser/Server.h:558 ]: [ServerThr.3] Shutdown finished
[ N 2020-06-21 12:15:04.2532 65473/T1 age/Cor/CoreMain.cpp:1147 ]: Checking whether to disconnect long-running connections for process 65525, application /Users/admin/Documents/PersonalProjects/PokerApp/RangeSharingReactRubyAPI/backend (development)
[ N 2020-06-21 12:15:05.1002 65473/T1 age/Cor/CoreMain.cpp:1325 ]: Passenger core shutdown finished
[ N 2020-06-21 12:15:05.9734 65672/T1 age/Wat/WatchdogMain.cpp:1373 ]: Starting Passenger watchdog...
[ N 2020-06-21 12:15:06.0056 65674/T1 age/Cor/CoreMain.cpp:1340 ]: Starting Passenger core...
[ N 2020-06-21 12:15:06.0059 65674/T1 age/Cor/CoreMain.cpp:256 ]: Passenger core running in multi-application mode.
[ N 2020-06-21 12:15:06.0379 65674/T1 age/Cor/CoreMain.cpp:1015 ]: Passenger core online, PID 65674
[ N 2020-06-21 12:15:08.6699 65674/T5 age/Cor/SecurityUpdateChecker.h:519 ]: Security update check: no update found (next check in 24 hours)
[ E 2020-06-21 12:15:08.6783 65674/T5 Sec/Crypto.cpp:990 ]: Removing Passenger private key from keychain failed: Write permissions error.. Please remove the private key from the certificate labeled Phusion Passenger Open Source in your keychain.
[ N 2020-06-22 12:15:06.4339 65674/T5 age/Cor/SecurityUpdateChecker.h:519 ]: Security update check: no update found (next check in 24 hours)
[ E 2020-06-22 12:15:06.4450 65674/T5 Sec/Crypto.cpp:990 ]: Removing Passenger private key from keychain failed: Write permissions error.. Please remove the private key from the certificate labeled Phusion Passenger Open Source in your keychain.
[ N 2020-06-23 07:15:04.9634 65674/T5 age/Cor/SecurityUpdateChecker.h:519 ]: Security update check: no update found (next check in 24 hours)
[ E 2020-06-23 07:15:05.6116 65674/T5 Sec/Crypto.cpp:990 ]: Removing Passenger private key from keychain failed: Write permissions error.. Please remove the private key from the certificate labeled Phusion Passenger Open Source in your keychain.
