[ N 2020-06-19 11:00:29.6881 37576/T1 age/Wat/WatchdogMain.cpp:1373 ]: Starting Passenger watchdog...
[ N 2020-06-19 11:00:29.7219 37578/T1 age/Cor/CoreMain.cpp:1340 ]: Starting Passenger core...
[ N 2020-06-19 11:00:29.7224 37578/T1 age/Cor/CoreMain.cpp:256 ]: Passenger core running in multi-application mode.
[ N 2020-06-19 11:00:29.7509 37578/T1 age/Cor/CoreMain.cpp:1015 ]: Passenger core online, PID 37578
[ N 2020-06-19 11:00:32.4343 37578/T5 age/Cor/SecurityUpdateChecker.h:519 ]: Security update check: no update found (next check in 24 hours)
[ N 2020-06-20 12:22:28.6881 37578/T5 age/Cor/SecurityUpdateChecker.h:519 ]: Security update check: no update found (next check in 24 hours)
[ N 2020-06-21 11:22:26.6143 37578/T5 age/Cor/SecurityUpdateChecker.h:519 ]: Security update check: no update found (next check in 24 hours)
[ E 2020-06-21 11:22:30.7434 37578/T5 Sec/Crypto.cpp:990 ]: Removing Passenger private key from keychain failed: Write permissions error.. Please remove the private key from the certificate labeled Phusion Passenger Open Source in your keychain.
[ N 2020-06-22 10:22:28.6324 37578/T5 age/Cor/SecurityUpdateChecker.h:519 ]: Security update check: no update found (next check in 24 hours)
[ E 2020-06-22 10:22:30.2035 37578/T5 Sec/Crypto.cpp:990 ]: Removing Passenger private key from keychain failed: Write permissions error.. Please remove the private key from the certificate labeled Phusion Passenger Open Source in your keychain.
[ N 2020-06-23 13:22:27.7143 37578/T5 age/Cor/SecurityUpdateChecker.h:519 ]: Security update check: no update found (next check in 24 hours)
[ E 2020-06-23 13:22:27.8627 37578/T5 Sec/Crypto.cpp:990 ]: Removing Passenger private key from keychain failed: Write permissions error.. Please remove the private key from the certificate labeled Phusion Passenger Open Source in your keychain.
[ N 2020-06-24 18:22:25.0972 37578/T5 age/Cor/SecurityUpdateChecker.h:519 ]: Security update check: no update found (next check in 24 hours)
[ E 2020-06-24 18:22:25.1119 37578/T5 Sec/Crypto.cpp:990 ]: Removing Passenger private key from keychain failed: Write permissions error.. Please remove the private key from the certificate labeled Phusion Passenger Open Source in your keychain.
[ N 2020-06-25 18:22:23.1095 37578/T5 age/Cor/SecurityUpdateChecker.h:519 ]: Security update check: no update found (next check in 24 hours)
[ E 2020-06-25 18:22:23.3643 37578/T5 Sec/Crypto.cpp:990 ]: Removing Passenger private key from keychain failed: Write permissions error.. Please remove the private key from the certificate labeled Phusion Passenger Open Source in your keychain.
[ N 2020-06-26 17:22:21.6071 37578/T5 age/Cor/SecurityUpdateChecker.h:519 ]: Security update check: no update found (next check in 24 hours)
[ E 2020-06-26 17:22:21.6184 37578/T5 Sec/Crypto.cpp:990 ]: Removing Passenger private key from keychain failed: Write permissions error.. Please remove the private key from the certificate labeled Phusion Passenger Open Source in your keychain.
[ N 2020-06-27 08:22:20.4863 37578/T5 age/Cor/SecurityUpdateChecker.h:519 ]: Security update check: no update found (next check in 24 hours)
[ E 2020-06-27 08:22:20.4967 37578/T5 Sec/Crypto.cpp:990 ]: Removing Passenger private key from keychain failed: Write permissions error.. Please remove the private key from the certificate labeled Phusion Passenger Open Source in your keychain.
[ N 2020-06-28 07:22:18.5635 37578/T5 age/Cor/SecurityUpdateChecker.h:519 ]: Security update check: no update found (next check in 24 hours)
[ E 2020-06-28 07:22:18.5841 37578/T5 Sec/Crypto.cpp:990 ]: Removing Passenger private key from keychain failed: Write permissions error.. Please remove the private key from the certificate labeled Phusion Passenger Open Source in your keychain.
App 16466 output: /Users/admin/.rvm/rubies/ruby-2.6.3/lib/ruby/site_ruby/2.6.0/bundler/lockfile_parser.rb:108:in `warn_for_outdated_bundler_version': You must use Bundler 2 or greater with this lockfile. (Bundler::LockfileError)
App 16466 output: 	from /Users/admin/.rvm/rubies/ruby-2.6.3/lib/ruby/site_ruby/2.6.0/bundler/lockfile_parser.rb:95:in `initialize'
App 16466 output: 	from /Users/admin/.rvm/rubies/ruby-2.6.3/lib/ruby/site_ruby/2.6.0/bundler/definition.rb:83:in `new'
App 16466 output: 	from /Users/admin/.rvm/rubies/ruby-2.6.3/lib/ruby/site_ruby/2.6.0/bundler/definition.rb:83:in `initialize'
App 16466 output: 	from /Users/admin/.rvm/rubies/ruby-2.6.3/lib/ruby/site_ruby/2.6.0/bundler/dsl.rb:234:in `new'
App 16466 output: 	from /Users/admin/.rvm/rubies/ruby-2.6.3/lib/ruby/site_ruby/2.6.0/bundler/dsl.rb:234:in `to_definition'
App 16466 output: 	from /Users/admin/.rvm/rubies/ruby-2.6.3/lib/ruby/site_ruby/2.6.0/bundler/dsl.rb:13:in `evaluate'
App 16466 output: 	from /Users/admin/.rvm/rubies/ruby-2.6.3/lib/ruby/site_ruby/2.6.0/bundler/definition.rb:34:in `build'
App 16466 output: 	from /Users/admin/.rvm/rubies/ruby-2.6.3/lib/ruby/site_ruby/2.6.0/bundler.rb:135:in `definition'
App 16466 output: 	from /Users/admin/.rvm/rubies/ruby-2.6.3/lib/ruby/site_ruby/2.6.0/bundler.rb:101:in `setup'
App 16466 output: 	from /Users/admin/.rvm/rubies/ruby-2.6.3/lib/ruby/site_ruby/2.6.0/bundler/setup.rb:20:in `<top (required)>'
App 16466 output: 	from /Users/admin/.rvm/rubies/ruby-2.6.3/lib/ruby/site_ruby/2.6.0/rubygems/core_ext/kernel_require.rb:54:in `require'
App 16466 output: 	from /Users/admin/.rvm/rubies/ruby-2.6.3/lib/ruby/site_ruby/2.6.0/rubygems/core_ext/kernel_require.rb:54:in `require'
[ E 2020-06-29 15:16:49.5986 37578/T13 age/Cor/App/Implementation.cpp:221 ]: Could not spawn process for application /Users/admin/Documents/PersonalProjects/PokerApp/RangeSharingReactRubyAPI/backend: The application process exited prematurely.
  Error ID: f5271286
  Error details saved to: /var/folders/pr/t9901z0n4z7dbkstysncwp0m0000gn/T//passenger-error-hpoU9v.html

[ N 2020-06-30 00:58:24.0038 37578/T5 age/Cor/SecurityUpdateChecker.h:519 ]: Security update check: no update found (next check in 24 hours)
[ E 2020-06-30 00:58:24.0168 37578/T5 Sec/Crypto.cpp:990 ]: Removing Passenger private key from keychain failed: Write permissions error.. Please remove the private key from the certificate labeled Phusion Passenger Open Source in your keychain.
[ N 2020-07-01 15:58:20.0296 37578/T5 age/Cor/SecurityUpdateChecker.h:519 ]: Security update check: no update found (next check in 24 hours)
[ E 2020-07-01 15:58:20.5874 37578/T5 Sec/Crypto.cpp:990 ]: Removing Passenger private key from keychain failed: Write permissions error.. Please remove the private key from the certificate labeled Phusion Passenger Open Source in your keychain.
[ N 2020-07-24 00:23:05.4469 91444/T1 age/Wat/WatchdogMain.cpp:1373 ]: Starting Passenger watchdog...
[ N 2020-07-24 00:23:05.4802 91446/T1 age/Cor/CoreMain.cpp:1340 ]: Starting Passenger core...
[ N 2020-07-24 00:23:05.4805 91446/T1 age/Cor/CoreMain.cpp:256 ]: Passenger core running in multi-application mode.
[ N 2020-07-24 00:23:05.5095 91446/T1 age/Cor/CoreMain.cpp:1015 ]: Passenger core online, PID 91446
[ N 2020-07-24 00:23:08.1858 91446/T5 age/Cor/SecurityUpdateChecker.h:519 ]: Security update check: no update found (next check in 24 hours)
[ E 2020-07-24 00:23:08.5925 91446/T5 Sec/Crypto.cpp:990 ]: Removing Passenger private key from keychain failed: Write permissions error.. Please remove the private key from the certificate labeled Phusion Passenger Open Source in your keychain.

[ N 2020-07-24 00:28:34.8842 91446/T8 age/Cor/CoreMain.cpp:671 ]: Signal received. Gracefully shutting down... (send signal 2 more time(s) to force shutdown)
[ N 2020-07-24 00:28:34.8843 91446/T1 age/Cor/CoreMain.cpp:1246 ]: Received command to shutdown gracefully. Waiting until all clients have disconnected...
[ N 2020-07-24 00:28:34.8844 91446/T1 age/Cor/CoreMain.cpp:1147 ]: Checking whether to disconnect long-running connections for process 91515, application /Users/admin/Documents/PersonalProjects/PokerApp/RangeSharingReactRubyAPI/backend (development)
[ N 2020-07-24 00:28:34.8846 91446/T8 Ser/Server.h:901 ]: [ServerThr.1] Freed 0 spare client objects
[ N 2020-07-24 00:28:34.8846 91446/Tg Ser/Server.h:901 ]: [ServerThr.5] Freed 0 spare client objects
[ N 2020-07-24 00:28:34.8847 91446/T8 Ser/Server.h:558 ]: [ServerThr.1] Shutdown finished
[ N 2020-07-24 00:28:34.8846 91446/Tj Ser/Server.h:901 ]: [ServerThr.6] Freed 0 spare client objects
[ N 2020-07-24 00:28:34.8846 91446/Ta Ser/Server.h:901 ]: [ServerThr.2] Freed 0 spare client objects
[ N 2020-07-24 00:28:34.8848 91446/Tj Ser/Server.h:558 ]: [ServerThr.6] Shutdown finished
[ N 2020-07-24 00:28:34.8846 91446/Te Ser/Server.h:901 ]: [ServerThr.4] Freed 0 spare client objects
[ N 2020-07-24 00:28:34.8846 91446/Td Ser/Server.h:901 ]: [ServerThr.3] Freed 0 spare client objects
[ N 2020-07-24 00:28:34.8849 91446/Te Ser/Server.h:558 ]: [ServerThr.4] Shutdown finished
[ N 2020-07-24 00:28:34.8848 91446/Tp Ser/Server.h:901 ]: [ApiServer] Freed 0 spare client objects
[ N 2020-07-24 00:28:34.8846 91446/Tk Ser/Server.h:901 ]: [ServerThr.7] Freed 0 spare client objects
[ N 2020-07-24 00:28:34.8848 91446/Ta Ser/Server.h:558 ]: [ServerThr.2] Shutdown finished
[ N 2020-07-24 00:28:34.8846 91446/Tm Ser/Server.h:901 ]: [ServerThr.8] Freed 0 spare client objects
[ N 2020-07-24 00:28:34.8850 91446/Tk Ser/Server.h:558 ]: [ServerThr.7] Shutdown finished
[ N 2020-07-24 00:28:34.8849 91446/Tp Ser/Server.h:558 ]: [ApiServer] Shutdown finished
[ N 2020-07-24 00:28:34.8847 91446/Tg Ser/Server.h:558 ]: [ServerThr.5] Shutdown finished
[ N 2020-07-24 00:28:34.8849 91446/Td Ser/Server.h:558 ]: [ServerThr.3] Shutdown finished
[ N 2020-07-24 00:28:34.8850 91446/Tm Ser/Server.h:558 ]: [ServerThr.8] Shutdown finished
[ N 2020-07-24 00:28:34.8852 91446/T1 age/Cor/CoreMain.cpp:1147 ]: Checking whether to disconnect long-running connections for process 91515, application /Users/admin/Documents/PersonalProjects/PokerApp/RangeSharingReactRubyAPI/backend (development)
[ N 2020-07-24 00:28:35.7096 91446/T1 age/Cor/CoreMain.cpp:1325 ]: Passenger core shutdown finished
[ N 2020-07-24 00:28:49.8858 91938/T1 age/Wat/WatchdogMain.cpp:1373 ]: Starting Passenger watchdog...
[ N 2020-07-24 00:28:49.9194 91940/T1 age/Cor/CoreMain.cpp:1340 ]: Starting Passenger core...
[ N 2020-07-24 00:28:49.9197 91940/T1 age/Cor/CoreMain.cpp:256 ]: Passenger core running in multi-application mode.
[ N 2020-07-24 00:28:49.9483 91940/T1 age/Cor/CoreMain.cpp:1015 ]: Passenger core online, PID 91940
[ N 2020-07-24 00:28:52.5595 91940/T5 age/Cor/SecurityUpdateChecker.h:519 ]: Security update check: no update found (next check in 24 hours)
[ E 2020-07-24 00:28:52.5695 91940/T5 Sec/Crypto.cpp:990 ]: Removing Passenger private key from keychain failed: Write permissions error.. Please remove the private key from the certificate labeled Phusion Passenger Open Source in your keychain.
